<?xml version="1.0" encoding="UTF-8"?>
<!-- Generated by org.testng.reporters.JUnitXMLReporter -->
<testsuite ignored="0" hostname="DESKTOP-3BV5IRS" failures="0" tests="3" name="Default test" time="58.019" errors="0" timestamp="2024-08-11T16:03:08 IST">
  <testcase classname="Testcase.Testdata" name="data" time="6.566"/>
  <testcase classname="Testcase.Testdata" name="payment" time="30.8"/>
  <testcase classname="Testcase.Testdata" name="dropdown" time="7.36"/>
</testsuite> <!-- Default test -->
