<?xml version="1.0" encoding="UTF-8"?>
<testng-results ignored="0" total="2" passed="2" failed="0" skipped="0">
  <reporter-output>
  </reporter-output>
  <suite started-at="2024-10-26T05:00:21 PDT" name="Surefire suite" finished-at="2024-10-26T05:00:34 PDT" duration-ms="12860">
    <groups>
    </groups>
    <test started-at="2024-10-26T05:00:21 PDT" name="Surefire test" finished-at="2024-10-26T05:00:34 PDT" duration-ms="12860">
      <class name="Testdata.Testdata">
        <test-method is-config="true" signature="setup()[pri:0, instance:Testdata.Testdata@3daa422a]" started-at="2024-10-26T05:00:21 PDT" name="setup" finished-at="2024-10-26T05:00:26 PDT" duration-ms="4751" status="PASS">
          <reporter-output>
          </reporter-output>
        </test-method> <!-- setup -->
        <test-method signature="loginTest()[pri:0, instance:Testdata.Testdata@3daa422a]" started-at="2024-10-26T05:00:26 PDT" name="loginTest" finished-at="2024-10-26T05:00:30 PDT" duration-ms="3826" status="PASS">
          <reporter-output>
          </reporter-output>
        </test-method> <!-- loginTest -->
        <test-method signature="data()[pri:1, instance:Testdata.Testdata@3daa422a]" started-at="2024-10-26T05:00:30 PDT" name="data" finished-at="2024-10-26T05:00:33 PDT" duration-ms="3187" status="PASS">
          <reporter-output>
          </reporter-output>
        </test-method> <!-- data -->
        <test-method is-config="true" signature="tearDown()[pri:0, instance:Testdata.Testdata@3daa422a]" started-at="2024-10-26T05:00:33 PDT" name="tearDown" finished-at="2024-10-26T05:00:34 PDT" duration-ms="601" status="PASS">
          <reporter-output>
          </reporter-output>
        </test-method> <!-- tearDown -->
      </class> <!-- Testdata.Testdata -->
    </test> <!-- Surefire test -->
  </suite> <!-- Surefire suite -->
</testng-results>
