<?xml version="1.0" encoding="UTF-8"?>
<testng-results ignored="0" total="2" passed="2" failed="0" skipped="0">
  <reporter-output>
  </reporter-output>
  <suite started-at="2024-10-27T03:33:49 PDT" name="Surefire suite" finished-at="2024-10-27T03:34:00 PDT" duration-ms="10906">
    <groups>
    </groups>
    <test started-at="2024-10-27T03:33:49 PDT" name="Surefire test" finished-at="2024-10-27T03:34:00 PDT" duration-ms="10906">
      <class name="Testdata.Testdata">
        <test-method is-config="true" signature="setup()[pri:0, instance:Testdata.Testdata@64cd705f]" started-at="2024-10-27T03:33:50 PDT" name="setup" finished-at="2024-10-27T03:33:53 PDT" duration-ms="3305" status="PASS">
          <reporter-output>
          </reporter-output>
        </test-method> <!-- setup -->
        <test-method signature="loginTest()[pri:0, instance:Testdata.Testdata@64cd705f]" started-at="2024-10-27T03:33:53 PDT" name="loginTest" finished-at="2024-10-27T03:33:57 PDT" duration-ms="3595" status="PASS">
          <reporter-output>
          </reporter-output>
        </test-method> <!-- loginTest -->
        <test-method signature="data()[pri:1, instance:Testdata.Testdata@64cd705f]" started-at="2024-10-27T03:33:57 PDT" name="data" finished-at="2024-10-27T03:34:00 PDT" duration-ms="3187" status="PASS">
          <reporter-output>
          </reporter-output>
        </test-method> <!-- data -->
        <test-method is-config="true" signature="tearDown()[pri:0, instance:Testdata.Testdata@64cd705f]" started-at="2024-10-27T03:34:00 PDT" name="tearDown" finished-at="2024-10-27T03:34:00 PDT" duration-ms="343" status="PASS">
          <reporter-output>
          </reporter-output>
        </test-method> <!-- tearDown -->
      </class> <!-- Testdata.Testdata -->
    </test> <!-- Surefire test -->
  </suite> <!-- Surefire suite -->
</testng-results>
