<?xml version="1.0" encoding="UTF-8"?>
<testng-results ignored="0" total="1" passed="1" failed="0" skipped="0">
  <reporter-output>
  </reporter-output>
  <suite started-at="2024-10-27T02:33:25 PDT" name="Default suite" finished-at="2024-10-27T02:33:33 PDT" duration-ms="8035">
    <groups>
    </groups>
    <test started-at="2024-10-27T02:33:25 PDT" name="Default test" finished-at="2024-10-27T02:33:33 PDT" duration-ms="8035">
      <class name="Testdata.Base">
        <test-method is-config="true" signature="setup()[pri:0, instance:Testdata.Base@3e6ef8ad]" started-at="2024-10-27T02:33:25 PDT" name="setup" finished-at="2024-10-27T02:33:28 PDT" duration-ms="3595" status="PASS">
          <reporter-output>
          </reporter-output>
        </test-method> <!-- setup -->
        <test-method signature="loginTest()[pri:0, instance:Testdata.Base@3e6ef8ad]" started-at="2024-10-27T02:33:28 PDT" name="loginTest" finished-at="2024-10-27T02:33:32 PDT" duration-ms="3773" status="PASS">
          <reporter-output>
          </reporter-output>
        </test-method> <!-- loginTest -->
        <test-method is-config="true" signature="tearDown()[pri:0, instance:Testdata.Base@3e6ef8ad]" started-at="2024-10-27T02:33:32 PDT" name="tearDown" finished-at="2024-10-27T02:33:33 PDT" duration-ms="558" status="PASS">
          <reporter-output>
          </reporter-output>
        </test-method> <!-- tearDown -->
      </class> <!-- Testdata.Base -->
    </test> <!-- Default test -->
  </suite> <!-- Default suite -->
</testng-results>
