<?xml version="1.0" encoding="UTF-8"?>
<!-- Generated by org.testng.reporters.JUnitReportReporter -->
<testsuite hostname="DESKTOP-3BV5IRS" failures="0" tests="3" name="Testcase.Testdata" time="44.726" errors="0" timestamp="2024-08-11T16:03:10 IST" skipped="0">
  <testcase classname="Testcase.Testdata" name="data" time="6.566"/>
  <testcase classname="Testcase.Testdata" name="payment" time="30.800"/>
  <testcase classname="Testcase.Testdata" name="dropdown" time="7.360"/>
</testsuite> <!-- Testcase.Testdata -->
