<?xml version="1.0" encoding="UTF-8"?>
<!-- Generated by org.testng.reporters.JUnitReportReporter -->
<testsuite hostname="DESKTOP-3BV5IRS" failures="0" tests="3" name="Testcase.Testdata" time="39.405" errors="0" timestamp="2024-08-11T13:38:54 IST" skipped="0">
  <testcase classname="Testcase.Testdata" name="data" time="6.609"/>
  <testcase classname="Testcase.Testdata" name="payment" time="25.428"/>
  <testcase classname="Testcase.Testdata" name="dropdown" time="7.368"/>
</testsuite> <!-- Testcase.Testdata -->
